# JRE version: Java(TM) SE Runtime Environment (8.0_101-b13) (build 1.8.0_101-b13)
# Java VM: Java HotSpot(TM) 64-Bit Server VM (25.101-b13 mixed mode linux-amd64 compressed oops)
Heap:
 PSYoungGen      total 659968K, used 593054K [0x00000000d6f80000, 0x0000000100000000, 0x0000000100000000)
  eden space 650240K, 91% used [0x00000000d6f80000,0x00000000fb2a7a10,0x00000000fea80000)
  from space 9728K, 0% used [0x00000000fea80000,0x00000000fea80000,0x00000000ff400000)
  to   space 9216K, 0% used [0x00000000ff700000,0x00000000ff708000,0x0000000100000000)
 ParOldGen       total 766464K, used 683009K [0x0000000084e00000, 0x00000000b3a80000, 0x00000000d6f80000)
  object space 766464K, 89% used [0x0000000084e00000,0x00000000ae900500,0x00000000b3a80000)
 Metaspace       used 4001K, capacity 5010K, committed 5120K, reserved 1056768K
  class space    used 420K, capacity 457K, committed 512K, reserved 1048576K
GC Heap History (10 events):
Event: 11.862 GC heap after
Heap after GC invocations=24 (full 7):
 PSYoungGen      total 659456K, used 0K [0x00000000d6f80000, 0x0000000100000000, 0x0000000100000000)
  eden space 648192K, 0% used [0x00000000d6f80000,0x00000000d6f80000,0x00000000fe880000)
  from space 11264K, 0% used [0x00000000fe880000,0x00000000fe880000,0x00000000ff380000)
  to   space 10752K, 0% used [0x00000000ff580000,0x00000000ff580000,0x0000000100000000)
 ParOldGen       total 407040K, used 148649K [0x0000000084e00000, 0x000000009db80000, 0x00000000d6f80000)
  object space 407040K, 36% used [0x0000000084e00000,0x000000008df2a420,0x000000009db80000)
 Metaspace       used 4001K, capacity 5010K, committed 5120K, reserved 1056768K
  class space    used 420K, capacity 457K, committed 512K, reserved 1048576K
}
Event: 12.020 GC heap before
{Heap before GC invocations=25 (full 7):
 PSYoungGen      total 659456K, used 496321K [0x00000000d6f80000, 0x0000000100000000, 0x0000000100000000)
  eden space 648192K, 76% used [0x00000000d6f80000,0x00000000f5430628,0x00000000fe880000)
  from space 11264K, 0% used [0x00000000fe880000,0x00000000fe880000,0x00000000ff380000)
  to   space 10752K, 0% used [0x00000000ff580000,0x00000000ff580000,0x0000000100000000)
 ParOldGen       total 407040K, used 148649K [0x0000000084e00000, 0x000000009db80000, 0x00000000d6f80000)
  object space 407040K, 36% used [0x0000000084e00000,0x000000008df2a420,0x000000009db80000)
 Metaspace       used 4001K, capacity 5010K, committed 5120K, reserved 1056768K
  class space    used 420K, capacity 457K, committed 512K, reserved 1048576K
Event: 12.059 GC heap after
Heap after GC invocations=25 (full 7):
 PSYoungGen      total 658432K, used 32K [0x00000000d6f80000, 0x00000000ffd80000, 0x0000000100000000)
  eden space 650240K, 0% used [0x00000000d6f80000,0x00000000d6f80000,0x00000000fea80000)
  from space 8192K, 0% used [0x00000000ff580000,0x00000000ff588000,0x00000000ffd80000)
  to   space 9728K, 0% used [0x00000000fea80000,0x00000000fea80000,0x00000000ff400000)
 ParOldGen       total 407040K, used 342100K [0x0000000084e00000, 0x000000009db80000, 0x00000000d6f80000)
  object space 407040K, 84% used [0x0000000084e00000,0x0000000099c153e8,0x000000009db80000)
 Metaspace       used 4001K, capacity 5010K, committed 5120K, reserved 1056768K
  class space    used 420K, capacity 457K, committed 512K, reserved 1048576K
}
Event: 12.059 GC heap before
{Heap before GC invocations=26 (full 8):
 PSYoungGen      total 658432K, used 32K [0x00000000d6f80000, 0x00000000ffd80000, 0x0000000100000000)
  eden space 650240K, 0% used [0x00000000d6f80000,0x00000000d6f80000,0x00000000fea80000)
  from space 8192K, 0% used [0x00000000ff580000,0x00000000ff588000,0x00000000ffd80000)
  to   space 9728K, 0% used [0x00000000fea80000,0x00000000fea80000,0x00000000ff400000)
 ParOldGen       total 407040K, used 342100K [0x0000000084e00000, 0x000000009db80000, 0x00000000d6f80000)
  object space 407040K, 84% used [0x0000000084e00000,0x0000000099c153e8,0x000000009db80000)
 Metaspace       used 4001K, capacity 5010K, committed 5120K, reserved 1056768K
  class space    used 420K, capacity 457K, committed 512K, reserved 1048576K
Event: 12.066 GC heap after
Heap after GC invocations=26 (full 8):
 PSYoungGen      total 658432K, used 0K [0x00000000d6f80000, 0x00000000ffd80000, 0x0000000100000000)
  eden space 650240K, 0% used [0x00000000d6f80000,0x00000000d6f80000,0x00000000fea80000)
  from space 8192K, 0% used [0x00000000ff580000,0x00000000ff580000,0x00000000ffd80000)
  to   space 9728K, 0% used [0x00000000fea80000,0x00000000fea80000,0x00000000ff400000)
 ParOldGen       total 540160K, used 245375K [0x0000000084e00000, 0x00000000a5d80000, 0x00000000d6f80000)
  object space 540160K, 45% used [0x0000000084e00000,0x0000000093d9fc48,0x00000000a5d80000)
 Metaspace       used 4001K, capacity 5010K, committed 5120K, reserved 1056768K
  class space    used 420K, capacity 457K, committed 512K, reserved 1048576K
}
Event: 12.245 GC heap before
{Heap before GC invocations=27 (full 8):
 PSYoungGen      total 658432K, used 501074K [0x00000000d6f80000, 0x00000000ffd80000, 0x0000000100000000)
  eden space 650240K, 77% used [0x00000000d6f80000,0x00000000f58d4ba0,0x00000000fea80000)
  from space 8192K, 0% used [0x00000000ff580000,0x00000000ff580000,0x00000000ffd80000)
  to   space 9728K, 0% used [0x00000000fea80000,0x00000000fea80000,0x00000000ff400000)
 ParOldGen       total 540160K, used 245375K [0x0000000084e00000, 0x00000000a5d80000, 0x00000000d6f80000)
  object space 540160K, 45% used [0x0000000084e00000,0x0000000093d9fc48,0x00000000a5d80000)
 Metaspace       used 4001K, capacity 5010K, committed 5120K, reserved 1056768K
  class space    used 420K, capacity 457K, committed 512K, reserved 1048576K
Event: 13.035 GC heap after
Heap after GC invocations=27 (full 8):
 PSYoungGen      total 659968K, used 32K [0x00000000d6f80000, 0x0000000100000000, 0x0000000100000000)
  eden space 650240K, 0% used [0x00000000d6f80000,0x00000000d6f80000,0x00000000fea80000)
  from space 9728K, 0% used [0x00000000fea80000,0x00000000fea88000,0x00000000ff400000)
  to   space 9216K, 0% used [0x00000000ff700000,0x00000000ff700000,0x0000000100000000)
 ParOldGen       total 1131008K, used 835199K [0x0000000084e00000, 0x00000000c9e80000, 0x00000000d6f80000)
  object space 1131008K, 73% used [0x0000000084e00000,0x00000000b7d9fc68,0x00000000c9e80000)
 Metaspace       used 4001K, capacity 5010K, committed 5120K, reserved 1056768K
  class space    used 420K, capacity 457K, committed 512K, reserved 1048576K
}
Event: 13.046 GC heap before
{Heap before GC invocations=28 (full 9):
 PSYoungGen      total 659968K, used 32K [0x00000000d6f80000, 0x0000000100000000, 0x0000000100000000)
  eden space 650240K, 0% used [0x00000000d6f80000,0x00000000d6f80000,0x00000000fea80000)
  from space 9728K, 0% used [0x00000000fea80000,0x00000000fea88000,0x00000000ff400000)
  to   space 9216K, 0% used [0x00000000ff700000,0x00000000ff700000,0x0000000100000000)
 ParOldGen       total 1131008K, used 835199K [0x0000000084e00000, 0x00000000c9e80000, 0x00000000d6f80000)
  object space 1131008K, 73% used [0x0000000084e00000,0x00000000b7d9fc68,0x00000000c9e80000)
 Metaspace       used 4001K, capacity 5010K, committed 5120K, reserved 1056768K
  class space    used 420K, capacity 457K, committed 512K, reserved 1048576K
Event: 13.306 GC heap after
Heap after GC invocations=28 (full 9):
 PSYoungGen      total 659968K, used 0K [0x00000000d6f80000, 0x0000000100000000, 0x0000000100000000)
  eden space 650240K, 0% used [0x00000000d6f80000,0x00000000d6f80000,0x00000000fea80000)
  from space 9728K, 0% used [0x00000000fea80000,0x00000000fea80000,0x00000000ff400000)
  to   space 9216K, 0% used [0x00000000ff700000,0x00000000ff700000,0x0000000100000000)
 ParOldGen       total 766464K, used 296105K [0x0000000084e00000, 0x00000000b3a80000, 0x00000000d6f80000)
  object space 766464K, 38% used [0x0000000084e00000,0x0000000096f2a420,0x00000000b3a80000)
 Metaspace       used 4001K, capacity 5010K, committed 5120K, reserved 1056768K
  class space    used 420K, capacity 457K, committed 512K, reserved 1048576K
}
Event: 13.556 GC heap before
{Heap before GC invocations=29 (full 9):
 PSYoungGen      total 659968K, used 593054K [0x00000000d6f80000, 0x0000000100000000, 0x0000000100000000)
  eden space 650240K, 91% used [0x00000000d6f80000,0x00000000fb2a7a10,0x00000000fea80000)
  from space 9728K, 0% used [0x00000000fea80000,0x00000000fea80000,0x00000000ff400000)
  to   space 9216K, 0% used [0x00000000ff700000,0x00000000ff700000,0x0000000100000000)
 ParOldGen       total 766464K, used 296105K [0x0000000084e00000, 0x00000000b3a80000, 0x00000000d6f80000)
  object space 766464K, 38% used [0x0000000084e00000,0x0000000096f2a420,0x00000000b3a80000)
 Metaspace       used 4001K, capacity 5010K, committed 5120K, reserved 1056768K
  class space    used 420K, capacity 457K, committed 512K, reserved 1048576K

